[INFO ] 2019-04-16 22:16:45.778 [main] App - The following profiles are active: dev
[INFO ] 2019-04-16 22:17:08.355 [main] App - Started App in 27.417 seconds (JVM running for 33.267)
[INFO ] 2019-04-16 22:19:19.190 [http-nio-8001-exec-1] GlobalLogHandler - /hello/hello 127.0.0.1
[INFO ] 2019-04-16 22:19:19.212 [http-nio-8001-exec-1] GlobalLogHandler - totalTime : 0.051s
[INFO ] 2019-04-16 22:19:30.247 [http-nio-8001-exec-4] GlobalLogHandler - /hello/hello 0:0:0:0:0:0:0:1
[INFO ] 2019-04-16 22:19:30.247 [http-nio-8001-exec-4] GlobalLogHandler - totalTime : 0.0s
[INFO ] 2019-04-16 22:19:53.420 [http-nio-8001-exec-7] GlobalLogHandler - /hello/hello 0:0:0:0:0:0:0:1
[INFO ] 2019-04-16 22:19:53.422 [http-nio-8001-exec-7] GlobalLogHandler - totalTime : 0.002s
[INFO ] 2019-04-16 22:20:28.408 [http-nio-8001-exec-10] GlobalLogHandler - /hello/hello 127.0.0.1
[INFO ] 2019-04-16 22:20:28.417 [http-nio-8001-exec-10] GlobalLogHandler - totalTime : 0.014s
[INFO ] 2019-04-16 22:20:33.339 [http-nio-8001-exec-1] GlobalLogHandler - /hello/hello 127.0.0.1
[INFO ] 2019-04-16 22:20:33.353 [http-nio-8001-exec-1] GlobalLogHandler - totalTime : 0.014s
[INFO ] 2019-04-16 22:22:34.887 [main] App - The following profiles are active: dev
[INFO ] 2019-04-16 22:22:50.243 [main] App - Started App in 21.597 seconds (JVM running for 26.719)
[INFO ] 2019-04-16 23:06:16.948 [main] App - The following profiles are active: dev
[INFO ] 2019-04-16 23:06:33.565 [main] App - Started App in 22.314 seconds (JVM running for 29.042)
[INFO ] 2019-04-16 23:09:59.823 [main] App - The following profiles are active: dev
[INFO ] 2019-04-16 23:10:18.098 [main] App - Started App in 22.388 seconds (JVM running for 28.644)
[INFO ] 2019-04-17 16:57:54.574 [main] App - The following profiles are active: dev
[INFO ] 2019-04-17 16:58:34.982 [main] App - The following profiles are active: dev
[INFO ] 2019-04-17 17:00:55.432 [main] App - The following profiles are active: dev
[INFO ] 2019-04-17 17:07:21.704 [main] App - The following profiles are active: dev
[INFO ] 2019-04-17 22:13:39.630 [main] App - The following profiles are active: dev
[INFO ] 2019-04-17 22:13:58.847 [main] App - Started App in 27.261 seconds (JVM running for 35.643)
[INFO ] 2019-04-17 22:48:07.249 [http-nio-8001-exec-1] GlobalLogHandler - /hello/hello 127.0.0.1
[INFO ] 2019-04-17 22:48:07.383 [http-nio-8001-exec-1] GlobalLogHandler - totalTime : 0.185s
[INFO ] 2019-04-17 22:48:18.872 [http-nio-8001-exec-3] GlobalLogHandler - /hello/hello 0:0:0:0:0:0:0:1
[INFO ] 2019-04-17 22:48:18.872 [http-nio-8001-exec-3] GlobalLogHandler - totalTime : 0.008s
[INFO ] 2019-04-17 23:13:30.032 [main] App - The following profiles are active: dev
[INFO ] 2019-04-17 23:13:48.480 [main] App - Started App in 25.59 seconds (JVM running for 33.221)
